Release 14.1 Xflow P.15xf (nt64)
Copyright (c) 1995-2012 Xilinx, Inc.  All rights reserved.
xflow.exe -wd implementation -p xc3s1000ft256-5 -implement xflow.opt system1.ngc
 
PMSPEC -- Overriding Xilinx file
<C:/Xilinx/14.1/ISE_DS/EDK/spartan3/data/spartan3.acd> with local file
<C:/Xilinx/14.1/ISE_DS/ISE/spartan3/data/spartan3.acd>

Using Flow File:
C:/Users/baneg/Desktop/SE/practicas/P4/otro/implementation/fpga.flw 
Using Option File(s): 
 C:/Users/baneg/Desktop/SE/practicas/P4/otro/implementation/xflow.opt 

Creating Script File ... 

#----------------------------------------------#
# Starting program ngdbuild
# ngdbuild -p xc3s1000ft256-5 -nt timestamp -bm system1.bmm
"C:/Users/baneg/Desktop/SE/practicas/P4/otro/implementation/system1.ngc" -uc
system1.ucf system1.ngd 
#----------------------------------------------#
Release 14.1 - ngdbuild P.15xf (nt64)
Copyright (c) 1995-2012 Xilinx, Inc.  All rights reserved.
PMSPEC -- Overriding Xilinx file
<C:/Xilinx/14.1/ISE_DS/EDK/spartan3/data/spartan3.acd> with local file
<C:/Xilinx/14.1/ISE_DS/ISE/spartan3/data/spartan3.acd>

Command Line: C:\Xilinx\14.1\ISE_DS\ISE\bin\nt64\unwrapped\ngdbuild.exe -p
xc3s1000ft256-5 -nt timestamp -bm system1.bmm
C:/Users/baneg/Desktop/SE/practicas/P4/otro/implementation/system1.ngc -uc
system1.ucf system1.ngd

Reading NGO file
"C:/Users/baneg/Desktop/SE/practicas/P4/otro/implementation/system1.ngc" ...
Loading design module
"C:/Users/baneg/Desktop/SE/practicas/P4/otro/implementation/system1_microblaze_0
_wrapper.ngc"...
Loading design module
"C:/Users/baneg/Desktop/SE/practicas/P4/otro/implementation/system1_bram_block_0
_wrapper.ngc"...
Loading design module
"C:/Users/baneg/Desktop/SE/practicas/P4/otro/implementation/system1_xps_bram_if_
cntlr_0_wrapper.ngc"...
Loading design module
"C:/Users/baneg/Desktop/SE/practicas/P4/otro/implementation/system1_plb_v46_0_wr
apper.ngc"...
Loading design module
"C:/Users/baneg/Desktop/SE/practicas/P4/otro/implementation/system1_xps_uartlite
_0_wrapper.ngc"...
Loading design module
"C:/Users/baneg/Desktop/SE/practicas/P4/otro/implementation/system1_pantalla_0_w
rapper.ngc"...
Gathering constraint information from source properties...
Done.

Annotating constraints to design from ucf file "system1.ucf" ...
Resolving constraint associations...
Checking Constraint Associations...
Done...

Processing BMM file "system1.bmm" ...

Checking expanded design ...
WARNING:NgdBuild:443 - SFF primitive
   'microblaze_0/microblaze_0/MicroBlaze_Core_I/Performance.Decode_I/Using_FPGA.
   Gen_Bits[31].MEM_EX_Result_Inst' has unconnected output pin
WARNING:NgdBuild:443 - SFF primitive
   'microblaze_0/microblaze_0/MicroBlaze_Core_I/Performance.Decode_I/Using_FPGA.
   Gen_Bits[30].MEM_EX_Result_Inst' has unconnected output pin
WARNING:NgdBuild:443 - SFF primitive
   'microblaze_0/microblaze_0/MicroBlaze_Core_I/Performance.Decode_I/Using_FPGA.
   Gen_Bits[29].MEM_EX_Result_Inst' has unconnected output pin
WARNING:NgdBuild:443 - SFF primitive
   'microblaze_0/microblaze_0/MicroBlaze_Core_I/Performance.Decode_I/Using_FPGA.
   Gen_Bits[28].MEM_EX_Result_Inst' has unconnected output pin
WARNING:NgdBuild:443 - SFF primitive
   'microblaze_0/microblaze_0/MicroBlaze_Core_I/Performance.Decode_I/Using_FPGA.
   Gen_Bits[27].MEM_EX_Result_Inst' has unconnected output pin
WARNING:NgdBuild:443 - SFF primitive
   'pantalla_0/pantalla_0/WRPFIFO_TOP_I/USE_BLOCK_RAM.I_DP_CONTROLLER/OMIT_PACKE
   T_FEATURES.I_WRITE_ADDR_CNTR/I_UP_DWN_COUNTER/I_CARRY_OUT' has unconnected
   output pin
WARNING:NgdBuild:443 - SFF primitive
   'pantalla_0/pantalla_0/WRPFIFO_TOP_I/USE_BLOCK_RAM.I_DP_CONTROLLER/OMIT_PACKE
   T_FEATURES.I_READ_ADDR_CNTR/I_UP_DWN_COUNTER/I_CARRY_OUT' has unconnected
   output pin

Partition Implementation Status
-------------------------------

  No Partitions were found in this design.

-------------------------------

NGDBUILD Design Results Summary:
  Number of errors:     0
  Number of warnings:   7

Writing NGD file "system1.ngd" ...
Total REAL time to NGDBUILD completion: 1 min  7 sec
Total CPU time to NGDBUILD completion:   41 sec

Writing NGDBUILD log file "system1.bld"...

NGDBUILD done.



#----------------------------------------------#
# Starting program map
# map -o system1_map.ncd -pr b -ol high -timing -detail system1.ngd system1.pcf 
#----------------------------------------------#
Release 14.1 - Map P.15xf (nt64)
Copyright (c) 1995-2012 Xilinx, Inc.  All rights reserved.
PMSPEC -- Overriding Xilinx file
<C:/Xilinx/14.1/ISE_DS/EDK/data/Xdh_PrimTypeLib.xda> with local file
<C:/Xilinx/14.1/ISE_DS/ISE/data/Xdh_PrimTypeLib.xda>
Using target part "3s1000ft256-5".
vvvvvvvvvvvvvvvvvvvvvvvvvvvvvvvvvvvvvvvvvvvvvvvvvvvvvvvvvvvvvvvvvvvvvv
INFO:Security:54 - 'xc3s1000' is a WebPack part.
WARNING:Security:42 - Your software subscription period has lapsed. Your current
version of Xilinx tools will continue to function, but you no longer qualify for
Xilinx software updates or new releases.
----------------------------------------------------------------------
Mapping design into LUTs...
Writing file system1_map.ngm...
Running directed packing...
WARNING:Pack:266 - The function generator
   pantalla_0/pantalla_0/USER_LOGIC_I/vga/Mram_RAM61 failed to merge with F5
   multiplexer pantalla_0/pantalla_0/USER_LOGIC_I/vga/inst_LPM_MUX3_4_f5.  The
   function generator pantalla_0/pantalla_0/USER_LOGIC_I/vga/Mram_RAM61 is
   unable to be placed in the G position because the output signal doesn't match
   other symbols' use of the G signal.  The signal
   pantalla_0/pantalla_0/USER_LOGIC_I/vga/inst_LPM_MUX3_6 already uses G.  The
   design will exhibit suboptimal timing.
WARNING:Pack:266 - The function generator
   pantalla_0/pantalla_0/USER_LOGIC_I/vga/Mram_RAM92 failed to merge with F5
   multiplexer pantalla_0/pantalla_0/USER_LOGIC_I/vga/inst_LPM_MUX5_5_f5.  The
   function generator pantalla_0/pantalla_0/USER_LOGIC_I/vga/Mram_RAM92 is
   unable to be placed in the G position because the output signal doesn't match
   other symbols' use of the G signal.  The signal
   pantalla_0/pantalla_0/USER_LOGIC_I/vga/inst_LPM_MUX5_7 already uses G.  The
   design will exhibit suboptimal timing.
WARNING:Pack:266 - The function generator
   pantalla_0/pantalla_0/USER_LOGIC_I/vga/Mram_RAM126 failed to merge with F5
   multiplexer pantalla_0/pantalla_0/USER_LOGIC_I/vga/inst_LPM_MUX7_4_f5.  The
   function generator pantalla_0/pantalla_0/USER_LOGIC_I/vga/Mram_RAM126 is
   unable to be placed in the G position because the output signal doesn't match
   other symbols' use of the G signal.  The signal
   pantalla_0/pantalla_0/USER_LOGIC_I/vga/inst_LPM_MUX7_6 already uses G.  The
   design will exhibit suboptimal timing.
WARNING:Pack:266 - The function generator
   pantalla_0/pantalla_0/USER_LOGIC_I/vga/Mram_RAM122 failed to merge with F5
   multiplexer pantalla_0/pantalla_0/USER_LOGIC_I/vga/inst_LPM_MUX7_5_f5.  The
   function generator pantalla_0/pantalla_0/USER_LOGIC_I/vga/Mram_RAM122 is
   unable to be placed in the G position because the output signal doesn't match
   other symbols' use of the G signal.  The signal
   pantalla_0/pantalla_0/USER_LOGIC_I/vga/inst_LPM_MUX7_7 already uses G.  The
   design will exhibit suboptimal timing.
WARNING:Pack:266 - The function generator
   pantalla_0/pantalla_0/USER_LOGIC_I/vga/Mram_RAM137 failed to merge with F5
   multiplexer pantalla_0/pantalla_0/USER_LOGIC_I/vga/inst_LPM_MUX8_5_f5.  The
   function generator pantalla_0/pantalla_0/USER_LOGIC_I/vga/Mram_RAM137 is
   unable to be placed in the G position because the output signal doesn't match
   other symbols' use of the G signal.  The signal
   pantalla_0/pantalla_0/USER_LOGIC_I/vga/inst_LPM_MUX8_7 already uses G.  The
   design will exhibit suboptimal timing.
Running delay-based LUT packing...
Updating timing models...
Running timing-driven placement...
Total REAL time at the beginning of Placer: 29 secs 
Total CPU  time at the beginning of Placer: 9 secs 

Phase 1.1  Initial Placement Analysis
Phase 1.1  Initial Placement Analysis (Checksum:15228867) REAL time: 32 secs 

Phase 2.7  Design Feasibility Check
Phase 2.7  Design Feasibility Check (Checksum:15228867) REAL time: 32 secs 

Phase 3.31  Local Placement Optimization
Phase 3.31  Local Placement Optimization (Checksum:15228867) REAL time: 32 secs 

Phase 4.2  Initial Clock and IO Placement

Phase 4.2  Initial Clock and IO Placement (Checksum:8e76f66c) REAL time: 35 secs 

Phase 5.36  Local Placement Optimization
Phase 5.36  Local Placement Optimization (Checksum:8e76f66c) REAL time: 35 secs 

Phase 6.4  Local Placement Optimization
....................................
..........
Phase 6.4  Local Placement Optimization (Checksum:8e76f66c) REAL time: 48 secs 

Phase 7.28  Local Placement Optimization
Phase 7.28  Local Placement Optimization (Checksum:8e76f66c) REAL time: 48 secs 

Phase 8.8  Global Placement
.................................
.................
...........
.........................................................
....................................................
....................................................
Phase 8.8  Global Placement (Checksum:a41230f2) REAL time: 1 mins 10 secs 

Phase 9.29  Local Placement Optimization
Phase 9.29  Local Placement Optimization (Checksum:a41230f2) REAL time: 1 mins 10 secs 

Phase 10.5  Local Placement Optimization
Phase 10.5  Local Placement Optimization (Checksum:a41230f2) REAL time: 1 mins 10 secs 

Phase 11.18  Placement Optimization
Phase 11.18  Placement Optimization (Checksum:81d18d1a) REAL time: 2 mins 7 secs 

Phase 12.5  Local Placement Optimization
Phase 12.5  Local Placement Optimization (Checksum:81d18d1a) REAL time: 2 mins 7 secs 

Total REAL time to Placer completion: 2 mins 8 secs 
Total CPU  time to Placer completion: 1 mins 9 secs 
Running post-placement packing...

Design Summary:
Number of errors:      0
Number of warnings:    6
Logic Utilization:
  Total Number Slice Registers:       1,213 out of  15,360    7%
    Number used as Flip Flops:        1,211
    Number used as Latches:               2
  Number of 4 input LUTs:             2,694 out of  15,360   17%
Logic Distribution:
  Number of occupied Slices:          1,687 out of   7,680   21%
    Number of Slices containing only related logic:   1,687 out of   1,687 100%
    Number of Slices containing unrelated logic:          0 out of   1,687   0%
      *See NOTES below for an explanation of the effects of unrelated logic.
  Total Number of 4 input LUTs:       2,741 out of  15,360   17%
    Number used as logic:             1,962
    Number used as a route-thru:         47
    Number used for Dual Port RAMs:     648
      (Two LUTs used per Dual Port RAM)
    Number used as Shift registers:      84

  The Slice Logic Distribution report is not meaningful if the design is
  over-mapped for a non-slice resource or if Placement fails.

  Number of bonded IOBs:                 25 out of     173   14%
    IOB Flip Flops:                       7
  Number of RAMB16s:                     17 out of      24   70%
  Number of MULT18X18s:                   3 out of      24   12%
  Number of BUFGMUXs:                     2 out of       8   25%

Average Fanout of Non-Clock Nets:                4.29

Peak Memory Usage:  4490 MB
Total REAL time to MAP completion:  2 mins 12 secs 
Total CPU time to MAP completion:   1 mins 12 secs 

Mapping completed.
See MAP report file "system1_map.mrp" for details.



#----------------------------------------------#
# Starting program par
# par -w -ol high system1_map.ncd system1.ncd system1.pcf 
#----------------------------------------------#
Release 14.1 - par P.15xf (nt64)
Copyright (c) 1995-2012 Xilinx, Inc.  All rights reserved.
PMSPEC -- Overriding Xilinx file <C:/Xilinx/14.1/ISE_DS/EDK/data/parBmgr.acd> with local file
<C:/Xilinx/14.1/ISE_DS/ISE/data/parBmgr.acd>



Constraints file: system1.pcf.
Loading device for application Rf_Device from file '3s1000.nph' in environment
C:\Xilinx\14.1\ISE_DS\ISE\;C:\Xilinx\14.1\ISE_DS\EDK.
   "system1" is an NCD, version 3.2, device xc3s1000, package ft256, speed -5
vvvvvvvvvvvvvvvvvvvvvvvvvvvvvvvvvvvvvvvvvvvvvvvvvvvvvvvvvvvvvvvvvvvvvv
INFO:Security:54 - 'xc3s1000' is a WebPack part.
WARNING:Security:42 - Your software subscription period has lapsed. Your current version of Xilinx tools will continue
to function, but you no longer qualify for Xilinx software updates or new releases.

----------------------------------------------------------------------

Initializing temperature to 85.000 Celsius. (default - Range: 0.000 to 85.000 Celsius)
Initializing voltage to 1.140 Volts. (default - Range: 1.140 to 1.260 Volts)

INFO:Par:282 - No user timing constraints were detected or you have set the option to ignore timing constraints ("par
   -x"). Place and Route will run in "Performance Evaluation Mode" to automatically improve the performance of all
   internal clocks in this design. Because there are not defined timing requirements, a timing score will not be
   reported in the PAR report in this mode. The PAR timing summary will list the performance achieved for each clock.
   Note: For the fastest runtime, set the effort level to "std".  For best performance, set the effort level to "high".

Device speed data version:  "PRODUCTION 1.39 2012-04-23".



Device Utilization Summary:

   Number of BUFGMUXs                        2 out of 8      25%
   Number of External IOBs                  25 out of 173    14%
      Number of LOCed IOBs                  25 out of 25    100%

   Number of MULT18X18s                      3 out of 24     12%
   Number of RAMB16s                        17 out of 24     70%
   Number of Slices                       1687 out of 7680   21%
      Number of SLICEMs                    386 out of 3840   10%



Overall effort level (-ol):   High 
Router effort level (-rl):    High 

Starting initial Timing Analysis.  REAL time: 18 secs 
Finished initial Timing Analysis.  REAL time: 18 secs 

WARNING:Par:288 - The signal xps_bram_if_cntlr_0_PORTA_BRAM_Addr<0> has no load.  PAR will not attempt to route this
   signal.
WARNING:Par:288 - The signal xps_bram_if_cntlr_0_PORTA_BRAM_Addr<1> has no load.  PAR will not attempt to route this
   signal.
WARNING:Par:288 - The signal xps_bram_if_cntlr_0_PORTA_BRAM_Addr<2> has no load.  PAR will not attempt to route this
   signal.
WARNING:Par:288 - The signal xps_bram_if_cntlr_0_PORTA_BRAM_Addr<3> has no load.  PAR will not attempt to route this
   signal.
WARNING:Par:288 - The signal xps_bram_if_cntlr_0_PORTA_BRAM_Addr<4> has no load.  PAR will not attempt to route this
   signal.
WARNING:Par:288 - The signal xps_bram_if_cntlr_0_PORTA_BRAM_Addr<5> has no load.  PAR will not attempt to route this
   signal.
WARNING:Par:288 - The signal xps_bram_if_cntlr_0_PORTA_BRAM_Addr<6> has no load.  PAR will not attempt to route this
   signal.
WARNING:Par:288 - The signal xps_bram_if_cntlr_0_PORTA_BRAM_Addr<7> has no load.  PAR will not attempt to route this
   signal.
WARNING:Par:288 - The signal xps_bram_if_cntlr_0_PORTA_BRAM_Addr<8> has no load.  PAR will not attempt to route this
   signal.
WARNING:Par:288 - The signal xps_bram_if_cntlr_0_PORTA_BRAM_Addr<9> has no load.  PAR will not attempt to route this
   signal.
WARNING:Par:288 - The signal xps_bram_if_cntlr_0_PORTA_BRAM_Addr<10> has no load.  PAR will not attempt to route this
   signal.
WARNING:Par:288 - The signal xps_bram_if_cntlr_0_PORTA_BRAM_Addr<11> has no load.  PAR will not attempt to route this
   signal.
WARNING:Par:288 - The signal xps_bram_if_cntlr_0_PORTA_BRAM_Addr<12> has no load.  PAR will not attempt to route this
   signal.
WARNING:Par:288 - The signal xps_bram_if_cntlr_0_PORTA_BRAM_Addr<13> has no load.  PAR will not attempt to route this
   signal.
WARNING:Par:288 - The signal xps_bram_if_cntlr_0_PORTA_BRAM_Addr<14> has no load.  PAR will not attempt to route this
   signal.
WARNING:Par:288 - The signal xps_bram_if_cntlr_0_PORTA_BRAM_Addr<15> has no load.  PAR will not attempt to route this
   signal.
WARNING:Par:288 - The signal xps_bram_if_cntlr_0_PORTA_BRAM_Addr<16> has no load.  PAR will not attempt to route this
   signal.
WARNING:Par:288 - The signal xps_bram_if_cntlr_0_PORTA_BRAM_Addr<30> has no load.  PAR will not attempt to route this
   signal.
WARNING:Par:288 - The signal xps_bram_if_cntlr_0_PORTA_BRAM_Addr<31> has no load.  PAR will not attempt to route this
   signal.
WARNING:Par:288 - The signal bram_block_0/BRAM_Din_B<0> has no load.  PAR will not attempt to route this signal.
WARNING:Par:288 - The signal bram_block_0/BRAM_Din_B<1> has no load.  PAR will not attempt to route this signal.
WARNING:Par:288 - The signal bram_block_0/BRAM_Din_B<2> has no load.  PAR will not attempt to route this signal.
WARNING:Par:288 - The signal bram_block_0/BRAM_Din_B<3> has no load.  PAR will not attempt to route this signal.
WARNING:Par:288 - The signal bram_block_0/BRAM_Din_B<4> has no load.  PAR will not attempt to route this signal.
WARNING:Par:288 - The signal bram_block_0/BRAM_Din_B<5> has no load.  PAR will not attempt to route this signal.
WARNING:Par:288 - The signal bram_block_0/BRAM_Din_B<6> has no load.  PAR will not attempt to route this signal.
WARNING:Par:288 - The signal bram_block_0/BRAM_Din_B<7> has no load.  PAR will not attempt to route this signal.
WARNING:Par:288 - The signal bram_block_0/BRAM_Din_B<8> has no load.  PAR will not attempt to route this signal.
WARNING:Par:288 - The signal bram_block_0/BRAM_Din_B<9> has no load.  PAR will not attempt to route this signal.
WARNING:Par:288 - The signal bram_block_0/BRAM_Din_B<10> has no load.  PAR will not attempt to route this signal.
WARNING:Par:288 - The signal bram_block_0/BRAM_Din_B<11> has no load.  PAR will not attempt to route this signal.
WARNING:Par:288 - The signal bram_block_0/BRAM_Din_B<12> has no load.  PAR will not attempt to route this signal.
WARNING:Par:288 - The signal bram_block_0/BRAM_Din_B<13> has no load.  PAR will not attempt to route this signal.
WARNING:Par:288 - The signal bram_block_0/BRAM_Din_B<14> has no load.  PAR will not attempt to route this signal.
WARNING:Par:288 - The signal bram_block_0/BRAM_Din_B<15> has no load.  PAR will not attempt to route this signal.
WARNING:Par:288 - The signal bram_block_0/BRAM_Din_B<16> has no load.  PAR will not attempt to route this signal.
WARNING:Par:288 - The signal bram_block_0/BRAM_Din_B<17> has no load.  PAR will not attempt to route this signal.
WARNING:Par:288 - The signal bram_block_0/BRAM_Din_B<18> has no load.  PAR will not attempt to route this signal.
WARNING:Par:288 - The signal bram_block_0/BRAM_Din_B<19> has no load.  PAR will not attempt to route this signal.
WARNING:Par:288 - The signal bram_block_0/BRAM_Din_B<20> has no load.  PAR will not attempt to route this signal.
WARNING:Par:288 - The signal bram_block_0/BRAM_Din_B<21> has no load.  PAR will not attempt to route this signal.
WARNING:Par:288 - The signal bram_block_0/BRAM_Din_B<22> has no load.  PAR will not attempt to route this signal.
WARNING:Par:288 - The signal bram_block_0/BRAM_Din_B<23> has no load.  PAR will not attempt to route this signal.
WARNING:Par:288 - The signal bram_block_0/BRAM_Din_B<24> has no load.  PAR will not attempt to route this signal.
WARNING:Par:288 - The signal bram_block_0/BRAM_Din_B<25> has no load.  PAR will not attempt to route this signal.
WARNING:Par:288 - The signal bram_block_0/BRAM_Din_B<26> has no load.  PAR will not attempt to route this signal.
WARNING:Par:288 - The signal bram_block_0/BRAM_Din_B<27> has no load.  PAR will not attempt to route this signal.
WARNING:Par:288 - The signal bram_block_0/BRAM_Din_B<28> has no load.  PAR will not attempt to route this signal.
WARNING:Par:288 - The signal bram_block_0/BRAM_Din_B<29> has no load.  PAR will not attempt to route this signal.
WARNING:Par:288 - The signal bram_block_0/BRAM_Din_B<30> has no load.  PAR will not attempt to route this signal.
WARNING:Par:288 - The signal bram_block_0/BRAM_Din_B<31> has no load.  PAR will not attempt to route this signal.
Starting Router


Phase  1  : 14841 unrouted;      REAL time: 20 secs 

Phase  2  : 13194 unrouted;      REAL time: 23 secs 

Phase  3  : 3830 unrouted;      REAL time: 28 secs 

Phase  4  : 4175 unrouted; (Par is working to improve performance)     REAL time: 32 secs 

Phase  5  : 0 unrouted; (Par is working to improve performance)     REAL time: 56 secs 

Updating file: system1.ncd with current fully routed design.

Phase  6  : 0 unrouted; (Par is working to improve performance)     REAL time: 1 mins 

Phase  7  : 0 unrouted; (Par is working to improve performance)     REAL time: 1 mins 55 secs 

Phase  8  : 0 unrouted; (Par is working to improve performance)     REAL time: 1 mins 57 secs 

Phase  9  : 0 unrouted; (Par is working to improve performance)     REAL time: 2 mins 
WARNING:Route:455 - CLK Net:pantalla_0_hsync_pin_OBUF may have excessive skew because 
      0 CLK pins and 1 NON_CLK pins failed to route using a CLK template.

Total REAL time to Router completion: 2 mins 
Total CPU time to Router completion: 1 mins 8 secs 

Partition Implementation Status
-------------------------------

  No Partitions were found in this design.

-------------------------------

Generating "PAR" statistics.

**************************
Generating Clock Report
**************************

+---------------------+--------------+------+------+------------+-------------+
|        Clock Net    |   Resource   |Locked|Fanout|Net Skew(ns)|Max Delay(ns)|
+---------------------+--------------+------+------+------------+-------------+
|plb_v46_0_PLB_Clk_pi |              |      |      |            |             |
|             n_BUFGP |      BUFGMUX3| No   | 1185 |  0.432     |  1.046      |
+---------------------+--------------+------+------+------------+-------------+
|pantalla_0/pantalla_ |              |      |      |            |             |
|0/USER_LOGIC_I/clock |              |      |      |            |             |
|                     |      BUFGMUX4| No   |  168 |  0.276     |  0.887      |
+---------------------+--------------+------+------+------------+-------------+
|pantalla_0_hsync_pin |              |      |      |            |             |
|               _OBUF |         Local|      |    7 |  0.114     |  2.802      |
+---------------------+--------------+------+------+------------+-------------+
|pantalla_0/pantalla_ |              |      |      |            |             |
|0/USER_LOGIC_I/vga/b |              |      |      |            |             |
|             otonDer |         Local|      |    2 |  0.000     |  2.690      |
+---------------------+--------------+------+------+------------+-------------+

* Net Skew is the difference between the minimum and maximum routing
only delays for the net. Note this is different from Clock Skew which
is reported in TRCE timing report. Clock Skew is the difference between
the minimum and maximum path delays which includes logic delays.

* The fanout is the number of component pins not the individual BEL loads,
for example SLICE loads not FF loads.

Timing Score: 0 (Setup: 0, Hold: 0)

Asterisk (*) preceding a constraint indicates it was not met.
   This may be due to a setup or hold violation.

----------------------------------------------------------------------------------------------------------
  Constraint                                |    Check    | Worst Case |  Best Case | Timing |   Timing   
                                            |             |    Slack   | Achievable | Errors |    Score   
----------------------------------------------------------------------------------------------------------
  Autotimespec constraint for clock net plb | SETUP       |         N/A|     9.335ns|     N/A|           0
  _v46_0_PLB_Clk_pin_BUFGP                  | HOLD        |     0.500ns|            |       0|           0
----------------------------------------------------------------------------------------------------------
  Autotimespec constraint for clock net pan | SETUP       |         N/A|     5.567ns|     N/A|           0
  talla_0_hsync_pin_OBUF                    | HOLD        |     1.160ns|            |       0|           0
----------------------------------------------------------------------------------------------------------
  Autotimespec constraint for clock net pan | SETUP       |         N/A|     5.428ns|     N/A|           0
  talla_0/pantalla_0/USER_LOGIC_I/clock     | HOLD        |     0.879ns|            |       0|           0
----------------------------------------------------------------------------------------------------------
  Autotimespec constraint for clock net pan | SETUP       |         N/A|     2.053ns|     N/A|           0
  talla_0/pantalla_0/USER_LOGIC_I/vga/boton | HOLD        |     0.691ns|            |       0|           0
  Der                                       |             |            |            |        |            
----------------------------------------------------------------------------------------------------------


All constraints were met.
INFO:Timing:2761 - N/A entries in the Constraints List may indicate that the 
   constraint is not analyzed due to the following: No paths covered by this 
   constraint; Other constraints intersect with this constraint; or This 
   constraint was disabled by a Path Tracing Control. Please run the Timespec 
   Interaction Report (TSI) via command line (trce tsi) or Timing Analyzer GUI.


Generating Pad Report.

All signals are completely routed.

WARNING:Par:283 - There are 51 loadless signals in this design. This design will cause Bitgen to issue DRC warnings.

Total REAL time to PAR completion: 2 mins 5 secs 
Total CPU time to PAR completion: 1 mins 10 secs 

Peak Memory Usage:  4443 MB

Placer: Placement generated during map.
Routing: Completed - No errors found.

Number of error messages: 0
Number of warning messages: 54
Number of info messages: 1

Writing design to file system1.ncd



PAR done!



#----------------------------------------------#
# Starting program post_par_trce
# trce -e 3 -xml system1.twx system1.ncd system1.pcf 
#----------------------------------------------#
Release 14.1 - Trace  (nt64)
Copyright (c) 1995-2012 Xilinx, Inc.  All rights reserved.


PMSPEC -- Overriding Xilinx file
<C:/Xilinx/14.1/ISE_DS/EDK/spartan3/data/spartan3.acd> with local file
<C:/Xilinx/14.1/ISE_DS/ISE/spartan3/data/spartan3.acd>
Loading device for application Rf_Device from file '3s1000.nph' in environment
C:\Xilinx\14.1\ISE_DS\ISE\;C:\Xilinx\14.1\ISE_DS\EDK.
   "system1" is an NCD, version 3.2, device xc3s1000, package ft256, speed -5
INFO:Timing:2698 - No timing constraints found, doing default enumeration.
--------------------------------------------------------------------------------
Release 14.1 Trace  (nt64)
Copyright (c) 1995-2012 Xilinx, Inc.  All rights reserved.

C:\Xilinx\14.1\ISE_DS\ISE\bin\nt64\unwrapped\trce.exe -e 3 -xml system1.twx
system1.ncd system1.pcf


Design file:              system1.ncd
Physical constraint file: system1.pcf
Device,speed:             xc3s1000,-5 (PRODUCTION 1.39 2012-04-23)
Report level:             error report
--------------------------------------------------------------------------------

INFO:Timing:3412 - To improve timing, see the Timing Closure User Guide (UG612).
INFO:Timing:2752 - To get complete path coverage, use the unconstrained paths
   option. All paths that are not constrained will be reported in the
   unconstrained paths section(s) of the report.
INFO:Timing:3339 - The clock-to-out numbers in this timing report are based on a
   50 Ohm transmission line loading model.  For the details of this model, and
   for more information on accounting for different loading conditions, please
   see the device datasheet.
INFO:Timing:3390 - This architecture does not support a default System Jitter
   value, please add SYSTEM_JITTER constraint to the UCF to modify the Clock
   Uncertainty calculation.
INFO:Timing:3389 - This architecture does not support 'Discrete Jitter' and
   'Phase Error' calculations, these terms will be zero in the Clock Uncertainty
   calculation.  Please make appropriate modification to SYSTEM_JITTER to
   account for the unsupported Discrete Jitter and Phase Error.

Analysis completed Sun Nov 29 21:35:14 2020
--------------------------------------------------------------------------------

Generating Report ...

Number of warnings: 0
Number of info messages: 6
Total time: 9 secs 


